{
  "RSpec": {
    "coverage": {
      "/home/felipe/Documentos/Web5/bucketlist/app/helpers/application_helper.rb": [
        1,
        null
      ],
      "/home/felipe/Documentos/Web5/bucketlist/app/helpers/home_helper.rb": [
        1,
        null
      ],
      "/home/felipe/Documentos/Web5/bucketlist/app/controllers/home_controller.rb": [
        1,
        1,
        null,
        null
      ],
      "/home/felipe/Documentos/Web5/bucketlist/app/controllers/application_controller.rb": [
        1,
        1,
        null
      ],
      "/home/felipe/Documentos/Web5/bucketlist/app/mailers/application_mailer.rb": [
        0,
        0,
        0,
        0
      ],
      "/home/felipe/Documentos/Web5/bucketlist/app/models/application_record.rb": [
        0,
        0,
        0
      ],
      "/home/felipe/Documentos/Web5/bucketlist/app/jobs/application_job.rb": [
        0,
        0
      ]
    },
    "timestamp": 1521228762
  }
}
